<?xml version="1.0" encoding="UTF-8"?>
<testsuite name="com.training.springcore.BigCorpApplicationTest" tests="1" skipped="0" failures="0" errors="0" timestamp="2019-03-08T09:33:05" hostname="DESKTOP-G68FIN2" time="0.023">
  <properties/>
  <testcase name="run" classname="com.training.springcore.BigCorpApplicationTest" time="0.023"/>
  <system-out><![CDATA[Application startup
Site{id='siteA', name='Florange', captors=[Captor{id='d1cbc8c7-6c24-492c-8f40-c597f923887a', name='Capteur A'}]}
]]></system-out>
  <system-err><![CDATA[]]></system-err>
</testsuite>
